[debug] [2021-02-21T23:23:46.296Z] ----------------------------------------------------------------------
[debug] [2021-02-21T23:23:46.298Z] Command:       C:\Program Files\nodejs\node.exe C:\Users\paraz\AppData\Roaming\npm\node_modules\firebase-tools\lib\bin\firebase.js init
[debug] [2021-02-21T23:23:46.299Z] CLI Version:   9.3.0
[debug] [2021-02-21T23:23:46.299Z] Platform:      win32
[debug] [2021-02-21T23:23:46.299Z] Node Version:  v14.15.4
[debug] [2021-02-21T23:23:46.300Z] Time:          Mon Feb 22 2021 01:23:46 GMT+0200 (Eastern European Standard Time)
[debug] [2021-02-21T23:23:46.300Z] ----------------------------------------------------------------------
[debug] [2021-02-21T23:23:46.300Z] 
[debug] [2021-02-21T23:23:46.306Z] > command requires scopes: ["email","openid","https://www.googleapis.com/auth/cloudplatformprojects.readonly","https://www.googleapis.com/auth/firebase","https://www.googleapis.com/auth/cloud-platform"]
[debug] [2021-02-21T23:23:46.307Z] > authorizing via signed-in user
[info] 
     ######## #### ########  ######## ########     ###     ######  ########
     ##        ##  ##     ## ##       ##     ##  ##   ##  ##       ##
     ######    ##  ########  ######   ########  #########  ######  ######
     ##        ##  ##    ##  ##       ##     ## ##     ##       ## ##
     ##       #### ##     ## ######## ########  ##     ##  ######  ########

You're about to initialize a Firebase project in this directory:

  D:\Git\js-app-firebase

[info] 
=== Project Setup
[info] 
[info] First, let's associate this project directory with a Firebase project.
[info] You can create multiple project aliases by running firebase use --add, 
[info] but for now we'll just set up a default project.
[info] 
[debug] [2021-02-21T23:24:05.734Z] >>> [apiv2][query] GET https://firebase.googleapis.com/v1beta1/projects pageSize=100
[debug] [2021-02-21T23:24:06.227Z] <<< [apiv2][status] GET https://firebase.googleapis.com/v1beta1/projects 200
[debug] [2021-02-21T23:24:06.228Z] <<< [apiv2][body] GET https://firebase.googleapis.com/v1beta1/projects [omitted]
[info] i  Using project js-app-firebase (js-app-firebase) 
[info] 
=== Hosting Setup
[info] 
[info] Your public directory is the folder (relative to your project directory) that
[info] will contain Hosting assets to be uploaded with firebase deploy. If you
[info] have a build process for your assets, use your build's output directory.
[info] 
[debug] [2021-02-21T23:24:48.930Z] >>> [apiv2][query] GET https://www.gstatic.com/firebasejs/releases.json [none]
[debug] [2021-02-21T23:24:49.109Z] <<< [apiv2][status] GET https://www.gstatic.com/firebasejs/releases.json 200
[debug] [2021-02-21T23:24:49.110Z] <<< [apiv2][body] GET https://www.gstatic.com/firebasejs/releases.json {"current":{"version":"8.2.9","browserURL":"https://www.gstatic.com/firebasejs/8.2.9/firebase.js","packageURL":"https://www.gstatic.com/firebasejs/8.2.9/firebase.tgz"},"live":{"version":"8.2","browserURL":"https://www.gstatic.com/firebasejs/live/8.2/firebase.js","packageURL":"https://www.gstatic.com/firebasejs/live/8.2/firebase.tgz"},"components":{"analytics":"https://www.gstatic.com/firebasejs/8.2.9/firebase-analytics.js","app":"https://www.gstatic.com/firebasejs/8.2.9/firebase-app.js","auth":"https://www.gstatic.com/firebasejs/8.2.9/firebase-auth.js","database":"https://www.gstatic.com/firebasejs/8.2.9/firebase-database.js","firestore":"https://www.gstatic.com/firebasejs/8.2.9/firebase-firestore.js","functions":"https://www.gstatic.com/firebasejs/8.2.9/firebase-functions.js","installations":"https://www.gstatic.com/firebasejs/8.2.9/firebase-installations.js","messaging":"https://www.gstatic.com/firebasejs/8.2.9/firebase-messaging.js","storage":"https://www.gstatic.com/firebasejs/8.2.9/firebase-storage.js","performance":"https://www.gstatic.com/firebasejs/8.2.9/firebase-performance.js","remote-config":"https://www.gstatic.com/firebasejs/8.2.9/firebase-remote-config.js","firestore.memory":"https://www.gstatic.com/firebasejs/8.2.9/firebase-firestore.memory.js"}}
[info] +  Wrote y/index.html 
[info] 
[info] i  Detected a .git folder at D:\Git\js-app-firebase 
[info] i  Authorizing with GitHub to upload your service account to a GitHub repository's secrets store. 
[info] 
[info] Visit this URL on this device to log in:
[info] https://github.com/login/oauth/authorize?client_id=89cf50f02ac6aaed3484&state=873548827&redirect_uri=http%3A%2F%2Flocalhost%3A9005&scope=read%3Auser%20repo%20public_repo
[info] 
[info] Waiting for authentication...
[debug] [2021-02-21T23:24:50.380Z] >>> HTTP REQUEST POST https://github.com/login/oauth/access_token  
 {"client_id":"89cf50f02ac6aaed3484","client_secret":"3330d14abc895d9a74d5f17cd7a00711fa2c5bf0","code":"e9c44bf22824503437bf","redirect_uri":"http://localhost:9005","state":"873548827"}
[debug] [2021-02-21T23:24:50.688Z] <<< HTTP RESPONSE 200 {"server":"GitHub.com","date":"Sun, 21 Feb 2021 23:24:50 GMT","content-type":"application/json; charset=utf-8","vary":"X-PJAX, Accept-Encoding, Accept, X-Requested-With","etag":"W/\"f93946b5340c69175c71c6d67604c650\"","cache-control":"max-age=0, private, must-revalidate","strict-transport-security":"max-age=31536000; includeSubdomains; preload","x-frame-options":"deny","x-content-type-options":"nosniff","x-xss-protection":"1; mode=block","referrer-policy":"origin-when-cross-origin, strict-origin-when-cross-origin","expect-ct":"max-age=2592000, report-uri=\"https://api.github.com/_private/browser/errors\"","content-security-policy":"default-src 'none'; base-uri 'self'; block-all-mixed-content; connect-src 'self' uploads.github.com www.githubstatus.com collector.githubapp.com api.github.com github-cloud.s3.amazonaws.com github-production-repository-file-5c1aeb.s3.amazonaws.com github-production-upload-manifest-file-7fdce7.s3.amazonaws.com github-production-user-asset-6210df.s3.amazonaws.com cdn.optimizely.com logx.optimizely.com/v1/events wss://alive.github.com; font-src github.githubassets.com; form-action 'self' github.com gist.github.com; frame-ancestors 'none'; frame-src render.githubusercontent.com; img-src 'self' data: github.githubassets.com identicons.github.com collector.githubapp.com github-cloud.s3.amazonaws.com user-images.githubusercontent.com/ *.githubusercontent.com; manifest-src 'self'; media-src 'none'; script-src github.githubassets.com; style-src 'unsafe-inline' github.githubassets.com; worker-src github.com/socket-worker-5029ae85.js gist.github.com/socket-worker-5029ae85.js","x-github-request-id":"F9FE:EE48:21364EE:263393C:6032EBC1","transfer-encoding":"chunked"}
[debug] [2021-02-21T23:24:50.689Z] >>> [apiv2][query] GET https://api.github.com/user [none]
[debug] [2021-02-21T23:24:51.107Z] <<< [apiv2][status] GET https://api.github.com/user 200
[debug] [2021-02-21T23:24:51.107Z] <<< [apiv2][body] GET https://api.github.com/user {"login":"parazitexe","id":4697837,"node_id":"MDQ6VXNlcjQ2OTc4Mzc=","avatar_url":"https://avatars.githubusercontent.com/u/4697837?v=4","gravatar_id":"","url":"https://api.github.com/users/parazitexe","html_url":"https://github.com/parazitexe","followers_url":"https://api.github.com/users/parazitexe/followers","following_url":"https://api.github.com/users/parazitexe/following{/other_user}","gists_url":"https://api.github.com/users/parazitexe/gists{/gist_id}","starred_url":"https://api.github.com/users/parazitexe/starred{/owner}{/repo}","subscriptions_url":"https://api.github.com/users/parazitexe/subscriptions","organizations_url":"https://api.github.com/users/parazitexe/orgs","repos_url":"https://api.github.com/users/parazitexe/repos","events_url":"https://api.github.com/users/parazitexe/events{/privacy}","received_events_url":"https://api.github.com/users/parazitexe/received_events","type":"User","site_admin":false,"name":null,"company":null,"blog":"","location":null,"email":null,"hireable":null,"bio":null,"twitter_username":null,"public_repos":11,"public_gists":1,"followers":0,"following":0,"created_at":"2013-06-14T12:32:33Z","updated_at":"2021-02-14T12:56:07Z","private_gists":0,"total_private_repos":0,"owned_private_repos":0,"disk_usage":26148,"collaborators":0,"two_factor_authentication":false,"plan":{"name":"free","space":976562499,"collaborators":0,"private_repos":10000}}
[info] 
[info] +  Success! Logged into GitHub as parazitexe 
[info] 
